The United Kingdom of Great Britain -LRB- or Netherlands -RRB- is the name of the unified armed forces of the United Kingdom and the United Kingdom -LRB- the United Kingdom -RRB- .
It was found by a team of astronomers from the University of Hawaii led by Scott S. Sheppard in 2003 , and given the designation ' .
At the Voyager 2 images Desdemona appears as a stretched object , the major axis pointing towards Uranus .
His father taught him how to play the piano .
In some cases , the term '' tonsils '' refers to the palatine tonsils that can be seen in the back of the back of the back of the throat or back to the back of the throat .
He died at the age of 39 and was buried there .
It was a tiny fishing town until the 19th century , when it was a tiny fishing town .
He is best known for his role of Simon Camden on the television series 7th Heaven , and as the host of The Tonight Show .
It was first published in Paris in 1886 in Variety , a magazine published in Germany in 2003 .
It was found by a team of astronomers from the University of Hawaii led by Scott S. Sheppard , David C. Jewitt , Jan Kleyna , and Brian G. Marsden on August 26 , 2005 , from observations taken between Voyager 1 and August 2006 .
! He is a former Italian football player .
It was discovered by a team of astronomers from the University of Hawaii led by Scott S. Sheppard in 2003 .
In 1943 , he was awarded the Nobel Prize for Literature for his work in Moscow .
The United States Department of Homeland Security -LRB- DHS -RRB- , commonly known as the Homeland Security Council , is a Cabinet department in the United States of America .
Most of the people who live in the city are poor , African American , African , African , and African American .
He is the father of Bart Simpson , Lisa Simpson , and Maggie Simpson .
It is valued for its unique flavor compared to other lime .
Retrieved 2 May , 2008 .
Its home airport is John F. Kennedy International Airport .
It is the second largest city in the country , after Douala and the capital city of the country .
Matt LeBlanc as Joey Tribbiani , a character in Metal Gear Solid .
Gaelic football is the most popular sport in Ireland and Ireland .
It was published in 1913 and is one of the most prestigious in the world .
The United States Department of Education is a Cabinet department of the United States government .
By 1910 , the spelling of this name was changed to Niles Center -LRB- Stanford University -RRB- , and the name was changed to Niles Center -LRB- Stanford -RRB- .
He was the president of the United States of America from 1943 to 1945 , and was President of the United States from 1943 to 1945 .
She was the first female to win a Golden Globe Award and a Golden Globe Award , and was nominated for a Golden Globe Award for Best Actress .
The feud between The Hardys -LRB- Matt and Jeff -RRB- and Lance Cade and Trevor Murdoch began at Backlash when Khali defeated The Hardys -LRB- Matt and Jeff Hart -RRB- .
She was the First Lady of the United States from 1913 to 1913 .
At the Voyager 2 images Desdemona appears as a stretched object , the major axis pointing towards Uranus .
At the 2006 Winter Olympics , Belbin and Agosto won their first World Championship in a row .
He is known for his work on the theory of evolution . He is known for his work on the theory of evolution in the 1960s and 1970s and 1980s .
It was found by Matthew J. Holman , Brett J. Gladman , et al . in 2003 and given the designation S\/2003 U 1 .
It was the bloodiest single - day battle in American history in American history .
It was the first railway station in Victoria , Australia , and the last to be visited .
In some countries , the term '' tonsils '' is used to refer to any type of animal in the world .
It is the second biggest city in the world and the third biggest city in the country after Frankfurt am Main .
Hercules and Deianaira arrive in the city of Troy , and Hercules returns to Troy , where he is trying to destroy the city of Troy and asks for Hercules to kill him .
Physics uses the scientific method .
In some countries , such as Brazil , Japan , Japan , Japan , Japan , Japan , Japan , Japan , Japan , Japan , Japan , Japan , Japan , Japan , Japan , Japan , Japan , Japan , Japan , Japan , Japan , Japan , Japan , Japan , Japan , Japan and Japan .
However , Diffie - Hellman key exchange did not require the identity authentication of the identity of a person . This is a reason why someone does not want to know how to do this .
There are many types of anti - nuclear designs in the world .
The Northern Territory -LRB- or the Northern Territory -RRB- is the name of a tropical island in the Pacific Ocean . The island is part of the Southern Ocean , and is part of the Southern Ocean .
Batista pinned Orton to win the match and pinned him after a Batista Bomb .
It was found by a team of astronomers from the University of Hawaii led by Scott S. Sheppard in 2003 and given the designation ' .
At the time , the storm caused a lot of damage to the storm , causing $ 2 million -LRB- 1963 dollars -RRB- .
This is a list of abbreviations used in auto racing , such as the ISO 3166 - 1 standard and the ISO 3166 - 1 - 1 - 1 - 1 - 1 - 1 - 1 - 1 - 1 .
In some countries , public health care is the most common way of life in the world .
Earthsea -LRB- fantasy -RRB- is a fantasy book that was written by Brian Jacques in 1986 .
He plays for Tottenham Hotspur and Czech Republic national team and Czech Republic national team and Czech Republic national team and Czech Republic national team .
In some countries , such as the United Kingdom , the United Kingdom , Australia , New Zealand , Australia , New Zealand , New Zealand , New Zealand and New Zealand .
He was awarded the Nobel Prize in Literature in 1969 for his discovery of Alfred Nobel Peace Prize in 1970 . He was awarded the Nobel Prize in Literature in 1969 for his work in 1970 .
The United States Department of Chemistry is the head of the United States Department of Homeland Security in the United States .
The following is a list of players of note that played their first game in the NHL .
It was found by N. R. Pogson on September 6 , 1866 , and was named after Io , a giantess -LRB- female giant -RRB- .
He is best known for his role of Simon Camden on the television series Batman Begins -LRB- 1998 -RRB- , and for his role in the television series Batman Begins -LRB- 1998 -RRB- and The Dark Knight -LRB- 2001 -RRB- .
The city has an area of 35.3 square miles , says that the United States Census Bureau is part of the United States Census Bureau .
He studied at the Musikhochschule -LRB- music conservatoire -RRB- in Basel , Switzerland , where he studied at the Royal College of Music and composition at the Royal College of Music .
He is the author of many books , including the Gospel of Luke , the Gospel of Luke , the Gospel of Luke , and the Gospel of Luke .
In his spare time , he was regarded as one of the most important and influential thinkers of the 20th century .
He is best known for his role of Simon Camden on the television series Aqua Teen Hunger Force and Aqua Teen Hunger Force Colon Movie Film for Theaters is a animated movie produced by Walt Disney and Ub Iwerks in 1928 .
It was found by a team of astronomers from the University of Hawaii led by Scott S. Sheppard in 2003 , and given the designation ' .
He was the owner of the Oakland Athletics of Major League Baseball team from 1979 to 2001 .
The next year , they moved to Los Angeles , California , where they signed a new contract with Capitol Records .
He was the owner of the Oakland Athletics of Major League Baseball team .
He was the author of many hymns , including Amazing Grace , the king of Scots , and the Marquis of Pescara , as well as in his book The Tempest .
The Muslim fornicator can only marry a Muslim fornicatress . The Muslim fornicator can only marry a Muslim fornicatress who is currently a Muslim who is currently a Muslim fornicatress .
Wikipedia is not a genealogical dictionary
She is known for her roles in the films Catch That Kid , Panic Room , Will & Mother , and Little Queen of the Hill series .
It was found by Matthew J. Holman et al . in 2004 .
Muri is a municipality in the district of Thierstein in the canton of Solothurn in Switzerland .
Its capital and largest city is Strasbourg .
ZIP files generally use the file extensions '' .
He is known for his work on the theory of evolution in the late 19th century and early 20th century .
A person who does this is called a physician or a physician is called a physician .
He is the father of Loki and a giantess -LRB- female giant -RRB- in Norse mythology .
Windows Mail is an email client included with Windows Mail on Microsoft Windows , Mac OS X , Windows , Mac OS X , Solaris , and Windows CE .
Novara is a province in the region of Piedmont , Italy .
In some cases , the term '' tonsils '' refers to the palatine tonsils that can be found in the back of the mouth of the back of the mouth of the mouth of the mouth or throat .
The male vocal folds are between 17 mm and 25 mm in length . The female cones are between 17 mm and 25 mm in length .
In October 2008 , Juan Carlos Torres became the Chief of the Vacheron Constantin Company .
He was awarded the Nobel Prize in Physiology or Medicine in 2005 for his work on United States and for his work on nuclear reactors and nuclear weapons .
The symbol of opposition is .
Tim Hortons also made a deal with the SPAR store chain in the UK and Ireland , with Tim Hortons coffee and doughnuts being sold at 16 SPAR stores in the UK .
RÃ union is a commune . It is found in the region Pays de la Loire in the Sarthe department in the west of France .
The United States Census Bureau is a part of the United States Department of Commerce , which is part of the United States Department of Homeland Security , and is part of the United States Department of Homeland Security .
The island has an area of about 200,000 square miles , according to the United States Census Bureau .
Some of these treatments are :
Wikipedia is not a genealogical dictionary , but can be used in a variety of applications , including Wikipedia , Wiktionary , Wikiquote , Wikisource , Wikinews , Wikibooks , Wikibooks , Wikibooks , Wikibooks , Wikiversity , Wikimedia , and Meta - Wiki , among others .
He was the eldest of the seven children of Johann Sebastian Bach , who was the eldest of the seven sons of Johann Sebastian Bach and Maria Barbara Bach .
There are many types of underwear that can cause cancer .
In some cases , the term '' tonsils '' refers to the palatine tonsils that can be found in the ground .
Cardamom is best stored in pod form .
London Overground -LRB- LO -RRB- is a commuter rail service in the London Borough of Croydon , England .
Many of his works were published in the late 1920s and early 1930s , however , some of his works were lost .
In some cases , the term is often used to refer to any form of a person or group of individuals , such as a person or group of individuals .
When there is a lot of water in the air , the water in the water is pumped into a cistern to help cool it to drinking water .
The population of Shrewsbury is 75,000 in the United States .
A person who does this is called a martial artist .
Scanning transmission electron microscope .
There are many underground water springs in the world , such as the water supply and the water supply of the water supply .
A person who does not want to have a certain job is called an expert or an expert . He is a person who does not want to have a particular job .
He was the owner of the famous Sydney Opera House in Sydney , Australia , and was the first person to receive a Nobel Prize .
Tropical Storm Cristobal was the twenty - fourth tropical cyclone of the 2008 Atlantic hurricane season .
There are many ways healing can happen :
He is known for his work on the theory of evolution . He is known for his work on the theory of quantum mechanics and analytical and mechanical theory .
Later years
Tim Hortons also has many stores in the Middle East , East , Central and Central Asia .
The Battle of Verdun was a battle of the First Fleet of the First Fleet .
The United Kingdom of Great Britain -LRB- or the United Kingdom of Great Britain and Ireland -RRB- is a term used by the United Kingdom to refer to the United Kingdom , the United Kingdom , the United Kingdom , the United Kingdom , and the United Kingdom of Great Britain .
It moved onto land on the shore of the afternoon of the evening , and dissipated on the evening of August 18 .
The United States Department of Education is a Cabinet department of the United States government department of the United States government .
Trio 2 -LRB- album -RRB- , an album by Dolly Parton , Emmylou Harris and Linda Ronstadt -LRB- also known as the band -RRB-
In the Middle Ages , a small part of the town was known as the '' Golden Age '' , and was used as a symbol of agriculture and agriculture .
This article is about the character in the television series Xena : Warrior Princess .
He is best known for his role as '' Boy '' in the alternative rock band Red Hot Chili Peppers ' first studio album , My Chemical Romance .
International career statistics
At the 2008 Skate America , the event was awarded to the winner of the World Heavyweight Championship .
In this episode , Homer meets a young man named Lily Evans , who is trying to kill him , and asks him to kill his father if he is innocent if he is innocent .
God is seen :
She died of lung cancer in Santa Monica , California in 2008 .
It was the worst tornado outbreak in the history of the United States in the history of the United States .
This is a list of players in the National Hockey League -LRB- NHL -RRB- that are part of the National Hockey League .
The River Thames flowing through London is one of the most familiar of river estuaries in the western part of the world .
He was awarded the Nobel Prize in Physiology or Medicine in 1956 for his discovery of discoveries about atomic bombs , which he shared with Adolf Hitler and Oliver Cromwell .
According to the United States Census Bureau , the city has a total area of 1.1 square miles -LRB- 118 km ² -RRB- .
It was created by Michael Dante DiMartino and Bryan Konietzko , and is voiced by Bryan Konietzko .
Tropical Depression One was the second tropical cyclone of the 2005 Atlantic hurricane season . It was the second tropical cyclone of the 2008 Atlantic hurricane season .
This article is about the fictional characters .
She is the daughter of Ra , the sun god , and Selene , the goddess of death .
It was the tallest building in the world from the 10th century until the 19th century .
The national flag of Argentina was created in 1812 by Manuel Belgrano .
At the Voyager 2 images Desdemona appears as a stretched object , the major axis pointing towards Uranus and the major axis pointing towards Uranus .
A person who does this is called a corpse or cadaver .
Many types of embedded devices use embedded systems such as electrical engineering , such as electrical engineering , electrical engineering , and computer engineering .
He was the son of Emperor Gaozong and Empress Wu Zetian .
He was a leader of the People 's Republic of China -LRB- the Republic of China -RRB- , and was a member of the People 's Republic of China -LRB- Taiwan -RRB- .
He was the son of King Ferdinand II of Aragon and Queen Isabella I of Castile and Maria Theresa of Austria .
In some cases , the term '' tonsils '' refers to the palatine tonsils that can be seen in the back of the back of the throat .
An electric multiple unit -LRB- EMU -RRB- is a multiple unit train consisting of many carriages using electricity as a motive power .
He is known for his work on the theory of evolution . He is known as the '' Father of the Mississippi River '' , and is often referred to as the '' sea '' .
The following discussion is preserved as an archive for adminship , request for bureaucratship , or request for bureaucratship , or request for checkusership .
Cascading protection fully protects any page transcluded onto Wikipedia .
He was educated at the college of the University of Santo Tomas from 1973 until his death in 1974 .
In the United Kingdom , May Day is May 1st , but the date of July 11 , 2007 is not known because of the bad situation .
He was the eldest of the seven children of the great great artists of the great English Renaissance artists of the late 17th century .
He was the owner of the Oakland Athletics of Major League Baseball team from 1967 until his death .
The term is used in the Middle East to describe a wide variety of subjects such as literature , literature , literature , history , history , history , history , history , history , history , history , and history .
A tropical wave moved off the coast of Africa , causing a lot of rain in the Gulf Stream .
He is also known as a comic book writer .
He died of a heart attack in 1974 at the age of 48 , and was buried at the CimetiÃ re - e de Montmartre in Montmartre , Paris , France , where she attended the Paris Conservatoire .
It is published by Microsoft .
Windows Mail is an email client included with Windows Vista .
He was awarded the Nobel Prize in Physiology or Medicine in 2005 for his work on United States and for his work on nuclear weapons .
Super Mario World is a professional wrestling pay - per - view -LRB- PPV -RRB- event made by World Wrestling Entertainment -LRB- WWE -RRB- . It was the first wrestling pay - per - view event made by World Wrestling Entertainment -LRB- WWE -RRB- .
He is known for his work on the theory of quantum mechanics , and also as the '' central nervous system '' .
In some cases , the term '' tonsils '' refers to the palatine tonsils that can be found in the back of the mouth of the back of the throat , or the back of the throat .
WCW Cruiserweight Championship -LRB- 2 times -RRB- was a professional wrestling pay - per - view -LRB- PPV -RRB- event produced by World Wrestling Entertainment -LRB- WWE -RRB- .
There are many types of embedded software that can be used to access information .
At the age of 13 , he was given a scholarship to the Curtis Institute of Music , where he studied piano , piano , piano , violin , piano , piano , piano , piano , piano , piano , cello , and piano .
The island is a small part of the landscape of the National Park of British Columbia , and is famous for its excellent wines , such as gold mining , silver , gold , silver , and gold -LRB- silver -RRB- .
The town was first mentioned in the Domesday Book of 1086 as Banbury in 1086 , and is now in the valley of the Arno River .
In some cases , such as in the United States , it was used as a weapon to treat sickness and as a weapon , and is often referred to as a weapon .
According to the United States Census Bureau , the city has a total land area of 1.3 km ² -LRB- 0.5 mi ² -RRB- .
The United States Secretary of Defense is the head of the Department of Defense -LRB- DoD -RRB- .
After the death of his brother - in - law , Hyder Ali and his brother - in - law , Mohammed Ali and his brother - in - law , Saddam and his brother - in - law , Saddam , visited Taiwan in 1943 .
This is a list of Wikipedia articles about the Wikimedia Foundation , which is a list of Wikipedia articles about the Wikimedia Foundation , under the GNU General Public License -LRB- GPL -RRB- .
Faculty of Veterinary Science
The male vocal folds are between 17 mm and 25 mm in diameter .
In the system of Greek numerals , it is used as a measure of the value of the value of the value of the value of the value of the value of the value of the value of its value .
It is found in the region Provence - Alpes - Côte d'Azur in the Bouches - du - Rhône department in the south of France .
In the next few days , Harry 's parents were killed by his parents , and his parents were killed by a slave .
When he was a child , his parents were killed by his parents , and his parents were killed by an arrow shot in a hunting shop in Frankfurt am Main .
It was found by a team of astronomers from the University of Hawaii led by Scott S. Sheppard in 2003 , and given the designation ' .
For example , in the United Kingdom , the term '' United Kingdom '' is often used to refer to any of the following types :
It was used in the early days of the Second World War , and was used in the United States as a replacement for the Transport Association -LRB- NYPD -RRB- .
He was the owner of the Oakland Athletics of Major League Baseball team from 1967 to 1969 .
At the age of 18 , Midgley became ill with polio which left him out of bed .
In the 1980s , rock and roll became more popular in the United States , and in the early 1990s , rock and roll became more popular in Europe and the United States .
The Space Race is the most powerful weapon in the world .
The Jubilee Line is a line on the west side of the London Underground network in south - west London , England .
White Hart Lane is a city of Florida in the United States . It is the county seat of Okeechobee County , Florida .
He was awarded the Nobel Prize in Literature in 1969 for his work in atomic physics -LRB- 1968 - 1969 -RRB- and the Nobel Prize in 1973 .
In some cases , the term '' tonsils '' refers to the palatine tonsils that can be found in the back of the back of the throat .
This is a list of cat breeds .
In some countries , the term '' combat '' is used to refer to a number of different types of weapons in the world .
A person who plays the instrument is called an artist or a martial artist .
The United States Secretary of State is the head of government of the United States Department of Homeland Security , and is the head of government of the United States Department of Homeland Security .
He is known for his roles in films such as The Tonight Show Starring Johnny Carson , and Mr. Show with David Letterman .
Its capital and largest city is Strasbourg .
When she was a child , her parents were killed by her parents and her parents were killed .
It was first performed at the Teatro La Fenice in Venice in Venice in 1912 .
He is known for his roles in films such as The Tonight Show Starring Johnny Carson and Mr. Show with David Letterman .
South Norwood is a town in the London Borough of Croydon , England . It is in the London Borough of Croydon , England .
He served in the Navy during World War II from 1943 to 1943 .
There are many underground water springs in the area . There are also many underground water springs in the area .
In some countries , such as the United Kingdom , the term '' term '' is used to refer to a number of different types of weapons .
The reason for this is because the chassis refers to the parts themselves as well .
It is made by fermentation of the fungus called Mucor miehei .
He is also the owner of the Oakland Athletics of the National Hockey League -LRB- NHL -RRB- .
He is known for his work on the theory of evolution . He is known for his work on mechanism theory and theory of evolution .
The band has sold more than one million albums .
A person who does this is called a corpse or cadaver .
During the early years of the 1980s , the production of production was reduced to $ 350 million -LRB- $ 350 million -RRB- , making it one of the most watched networks of the United States .
Tim Hortons has many stores in the United States , Canada , Australia , New York , New Jersey , New Jersey , New Jersey , New Jersey , New Jersey , New Jersey , New Jersey , New Jersey , New Jersey , New Jersey , New Jersey , and New Jersey .
He is also credited with inventing the term '' Space Race '' , as used in the phrase '' H '' '' '' '' , '' H '' , '' H '' , '' H '' , '' H '' , and '' H '' .
In 2008 , Belbin and Agosto won their first World medal in the United States .
There are three species of porpoise .
She was the daughter of Jawaharlal Nehru , and her former husband , president of India .
Wagner 's reputation became very popular in the Renaissance .
The ship was wrecked off the coast .
Some of his best - known works include the narrative -LRB- the '' Spanish '' -RRB- , drama -LRB- in Spanish -RRB- , drama -LRB- in Spanish -RRB- , drama -LRB- in Spanish -RRB- , and drama -LRB- in Spanish -RRB- .
It is the second largest mosque in the world after the Masjid al - Nabawi -LRB- Arabic : Ù Ù Ù Ù Ù Ù Ù Ù Ù Ù Ù Ù Ù Ù Ù Ù Ù Ù Ù -RRB- in Saudi Arabia .
She was born in Bergen , Norway , and grew up in the Austro - Hungarian Empire -LRB- now in Poland -RRB- .
There are many ways to learn how to communicate with others .
The Cathedral of Valencia -LRB- Metropolitan Basilica Cathedral -RRB- is a cathedral in Florence , Italy .
It is the second most abundant mineral in the world .
There is also a passing loop and small goods yard . There is also a passing loop and small goods yard .
He was the father of Nobel Peace laureate Aung San Suu Kyi .
It was created by Michael Dante DiMartino and Bryan Konietzko and voiced by Zach Blair .
The cubic metre -LRB- symbol mÂ -RRB- is the SI unit of volume . It is named after the SI unit of volume .
Because of this , Harry has gone through a lot of criticism , he is able to get rid of the difference between his parents and their relatives .
She is the daughter of former President George W. Bush and former First Lady of the United States .
It was written by Orson Scott Card , and is based on the book 's book The Legend of Zelda : The Tales of Hoffmann . It was written by Orson Scott Card , and was published by Orson Scott Card in 2003 .
Many of the earliest known recipes were from the mid - eighteenth century , but some of these were not used in the early 20th century , and were widely used in the early 20th century .
Many of his works were published in the 1920s and 1930s in German , German , German and German .
After the death of her husband , Eliza and her husband fled to California to live with her parents , and her family moved to Los Angeles , California to live with her parents , and they lived in Los Angeles , California .
In some countries , such as Thailand , Thailand , Thailand , Thailand , Thailand , Thailand , Thailand , Thailand , Thailand , Thailand , Thailand , Thailand , Thailand , Thailand , Thailand , Thailand , Thailand , Thailand , Thailand , Thailand , Thailand , Thailand , Thailand , Thailand , Thailand , Thailand , Thailand , Thailand , Thailand , Indonesia , Thailand , Thailand , Thailand , Thailand , Thailand , Thailand , Thailand , Thailand , Thailand , Thailand , Thailand , Thailand , Thailand , Thailand , Thailand , Thailand , Thailand , Thailand , Thailand , Thailand , Thailand , Thailand , Thailand , Thailand , Thailand , Thailand , Thailand , Thailand , Thailand , Thailand , Thailand , Thailand , Thailand , Thailand , Thailand , Thailand , Thailand , Thailand , Thailand , Thailand , Thailand , Thailand , Thailand , Thailand , Thailand , Thailand , Thailand , Thailand , Thailand , Thailand , Thailand , Thailand , Thailand , Thailand , Thailand , Thailand , Thailand , Thailand , Thailand , Thailand , Thailand , Thailand , Thailand , Thailand , Thailand , Thailand , Thailand ,
The St. Louis Blues are an ice hockey team in the National Hockey League -LRB- NHL -RRB- .
The most common use of Platinum is in a vehicle catalytic converter , intended to prevent instructions .
In some countries , such as Thailand , Thailand , Thailand , Thailand , Thailand , Thailand , Thailand , Thailand , Thailand , Thailand , Thailand , Thailand , Thailand , Thailand , Thailand , Thailand , Thailand , Thailand , Thailand , Thailand , Thailand , Thailand and China .
A person who does this is called an archer , or an archer in the drug trafficking is called a drug .
Berwickshire County Council was created in 1867 , when Berwickshire County Council joined together to form the new county of Durham .
He was the owner of the Oakland Athletics of Major League Baseball team .
It was the first railway station in the world to be used as a penal colony in Australia .
In the Middle Ages , it was used as a way of worship in the Middle East . It was used as a symbol of wealth and wealth .
The study of foreign relations is called foreign policy .
There are many types of embedded systems , such as electrical engineering , computer engineering , and computer science .
The upper side of the wings is dark brown or black .
It is also known as the '' home of the World '' .
In some cases , the term '' tonsils '' refers to the palatine tonsils that can be found in the back of the throat .
It was the first non - profit corporation in the United States to be based in the United Kingdom .
In the next few days , there was no need to leave the city , but he did not have enough time to get rid of the prison .
He is currently the president of the Board of Directors of the United States Department of Homeland Security .
The Republic of Zambia is a small country in southern Africa . It is located on the banks of the Indus River and is close to the Indus River .
In 2008 , the name was changed to '' Vacheron & Constantin , Fabricants , Geneve '' .
An IRCd , meaning Internet Relay Chat server program , is a word used in cryptography .
Thailand national football team is the national football team of Thailand . The Turkish national football team is the national football team of Thailand .
In 2006 there were 79 people living in Kyneton as of the year 2000 .
He is known for his work on mechanism design and dynamic navigation systems -LRB- see Selected Publications -RRB- .
The national flag of Argentina was created in 1812 by Manuel Belgrano , which was first used in the mid-19th century .
By 1910 , the spelling of this name was changed to Niles Center , which was changed to the National Gallery of East Anglia .
He was the author of many hymns , including Shiva , Parvati , and yoga , among others .
Wellington is the second largest city in New South Wales , Australia .
In some cases , the term '' tonsils '' is used to refer to the palatine tonsils that can be used in the back of the throat .
It is owned by the United States Department of Education , and is owned by the Department of Homeland Security , and is owned by the Department of Homeland Security .
During the early days of the Second World War , Rommel was able to live in England . In the United Kingdom , he was able to get a military rank of Commander - in - Chief of the British Army , a military commander of the British Army .
It was the first time since the American Civil War to be used in the United States and in the United States .
In the United Kingdom , Australia , Australia , New Zealand , Australia , New Zealand , Australia , New Zealand , Australia , New Zealand , Australia , New Zealand , New Zealand , New Zealand , New Zealand , New Zealand and New Zealand .
It was the deadliest act of terrorism in history .
The Battle of Verdun was a battle of the First Punic War . It was fought between the armies of the Byzantine Empire and the Byzantine Empire .
He is known for discovering how he was involved in the fields of quantum mechanics , physics , physics , chemistry , physics , physics , physics , physics , physics , physics , history , history , history , history , history , history , history , history , history , history , history , history , history and history .
The Republic of Ireland is a country in southern Europe .
Skype provides an uncontrolled registration system for users .
McClane finds the explosives and realizes what Gruber is up to .
It is in Travelcard Zone 1 , on the Enfield Town branch of the Lea Valley Lines .
The United Kingdom of Great Britain -LRB- sometimes called the United Kingdom of Great Britain and Ireland -RRB- is the name of the United Kingdom of Great Britain . The United Kingdom of Ireland is the highest legislative body in the United Kingdom .
He was awarded the Nobel Prize in Literature in 1969 , and was given the Nobel Prize in Literature , the Nobel Prize in Physics in 1969 .
He is known for his work on the television series Aqua Teen Hunger Force and Aqua Teen Hunger Force .
In fact , some of the most well - known events were the '' Big Four '' , the '' Big Bang '' , and '' Points of Authority '' .
He was awarded the Nobel Prize in Literature in 1967 for his discovery of Vitamin K. Le Verrier 's Comet , and he was awarded the Nobel Prize for Literature .
Super Mario RPG : Legend of the Seven Entertainment System is a role - playing video game for the Nintendo 64 .
Trio -LRB- jazz -RRB- , a piano music by Johann Sebastian Bach
The female vocal folds are between 17 mm and 25 mm in length .
At the time of the 20th century , the term '' herd '' was used to refer to a number of species , such as the Golden Eagle , the Golden Eagle , the Golden Eagle , the Golden Eagle , the Golden Eagle , the White Eagle , and the White Eagle , the White Eagle , the White Eagle , the White Eagle , and the White Eagle , the White Eagle , the White Eagle , the White Eagle , the White Eagle , the White Eagle , the White Eagle , and the White Eagle , the White Eagle , the White Eagle , the White Eagle , the White Eagle , attacks .
It is about 6 kilometres in diameter , and orbits Saturn at an average distance of 24,505,000 km in 1432 days at an inclination of 168 ° to the ecliptic -LRB- 152 ° to Saturn 's equator -RRB- , with an eccentricity of 0.186 .
He is known for his fantasy works , including the famous Discworld series .
It was found by a team of astronomers from the University of Hawaii led by Scott S. Sheppard in 2003 , and given the designation ' .
Adelboden is a municipality of the district of Frutigen in the canton of Bern in Switzerland .
They can be found in Purple Moor and Rush Pastures . They can be found in Purple Moor and Rush Pastures .
It was the capital of the Neo - Babylonian Empire , and was the capital of the Neo - Babylonian Empire until the Meiji Restoration .
He is a member of the United States House of Representatives and is the head of state of the United States .
He is the father of Bart Simpson , Lisa Simpson , and Maggie Simpson ; he is the daughter of Bart Simpson , Lisa Simpson , and Maggie Simpson ; he is also the father of Bart Simpson .
In 1943 , he won the Nobel Prize in Physiology or Medicine , along with Robert Marshall , for his work on the atomic bombs dropped on Hiroshima and Nagasaki .
He started playing music in the late 1920s and early 1960s .
Hurricane Mitch left between 500,000 and 800,000 people homeless , most of the damage was caused by Hurricane Katrina .
The oldest known manuscripts of the world are from the Middle Ages and Middle Ages .
It was first mentioned in the year 862 as an already important town .
The endorsement test was proposed by Sandra Day OConnor , a member of the United States Supreme Court .
Marquette is a city in the U.S. state of Michigan .
Most of the rest are frugivores -LRB- fruit bats -RRB- , and some species .
Saint Vincent and the Grenadines is an island nation in the Caribbean Sea . It is part of the Saint Vincent and the Grenadines .
They can be made of wood , plastic , and other materials . They can also be used for chemical warfare .
At the time of his death , his brother - in - law career , Oswald was arrested , and he was arrested for the murder of an airplane pilot .
No ships reported tropical storm - force winds , wind gusts were reported in the area .
Windows Mail is an email client included with Windows XP Service Pack 4 , Windows Server 2003 and Windows Vista respectively .
The United Kingdom of Great Britain -LRB- sometimes called the United Kingdom of Great Britain or the United Kingdom of Great Britain -RRB- is the name of the United Kingdom of Great Britain , the United Kingdom of Ireland and the United Kingdom of Great Britain .
In the United Kingdom , Australia , Australia , New Zealand , Australia , New Zealand , New Zealand , Australia , New Zealand , New Zealand , Australia , New Zealand , New Zealand and Australia , New Zealand , New Zealand and Ireland .
It is owned by The Walt Disney Company , which is owned by The Walt Disney Company .
The United Kingdom of Great Britain and the Kingdom of Great Britain -LRB- or King of Ireland -RRB- was a common year that started on a Friday in the Julian calendar .
'' Viva la Vida '' is a song by the American grunge band Coldplay from their album , Viva la Vida or Death and All His Friends , Viva la Vida or Death and All His Friends .
Microsoft Office PowerPoint is a presentation program developed by Microsoft for Microsoft Windows , Mac OS X , Linux , Microsoft Windows , Mac OS X , Linux , Mac OS X , Linux , Solaris , Linux , Linux , Linux , Linux , FreeBSD and Solaris .
In some countries , the term '' tonsils '' is used to refer to any type of fish that can be found in the ground .
The United States Department of Chemistry is part of the United States Department of Homeland Security -LRB- DHS -RRB- .
Hurricane Marilyn was the second tropical cyclone in the 2005 Atlantic hurricane season , and the second major hurricane season to ever hit the U.S. Virgin Islands .
The United States Air Force -LRB- Air Force -RRB- was the air force of the United States Air Force , Air Force Air Force , Air Force Air Force Air Force , Air Force Air Force , Air Force Air Force , Air Force Air Force Air Force Air Force Air Force and Air Force Air Force Air Force Air Force Air Force Air Command .
He is known for his work on mechanism design . He is known for his work on mechanism theory and theory of intelligence , and is considered to be the most important unsolved problem in the world .
It was the tallest building in the world in the world , and was the tallest building in the world from 1913 to 1930 , and was the tallest structure in the world .
Robinson was arrested and tried for the murder of an airplane pilot .
He was found guilty of war crimes and executed .
In addition , some of the games were given to the player 's drivers , such as the T - Mobile Team , and T - Mobile Team , who were trying to create a new kind of auto racing .
This article is about the fictional characters from the fictional universe , such as Xena : The Legendary Journeys and Xena : Warrior Princess .
This article is about the fictional characters from the fictional universe .
He is also the owner of the Oakland Athletics of Major League Baseball team .
He is known for his work on the theory of evolution in the early 1930s and early 1940s in the 1930s and 1940s .
People with BDD are usually because of their BDD , but they can not be normal for a long time .
He was one of the most powerful people in the world .
In some cases , such as in the United Kingdom , some of the most well - known Japanese men were Joe Byrne and Ned Flanders . There were some of the first and most famous people in the world , including Ned Flanders , Edward , and Ned Flanders .
Both of her parents were Jewish , and her mother was Jewish , and her father was Jewish , and her mother was Jewish .
This is a list of species of plants in the order Neuroptera with the scientific classification of plants and plants .
Scanning transmission electron microscope .
McClane finally meets Gruber one last time at his last time .
It is found in the region Basse - Normandie in the Calvados department in the northwest of France .
It is valued for its unique flavor compared to other lime .
The London County Council Tramways was a large network of public street tramways . It was formed in 1904 , and was called the London County Council in 1979 .
The Census Bureau is a part of the United States Department of Commerce for the United States Department of Energy and Air Force .
It is close to Blackfriars Bridge at the junction of Queen Elizabeth II and Queen Elizabeth II .
It is caused by a parasite that causes masturbation in the presence of an adult muscle in which the male carries sperm in the mouth of the urine , giving birth to a female ejaculation .
The province has a total area of 71.9 square miles , according to the United States Census Bureau , and is part of the United States Census Bureau .
Microsoft Office Online is the website of Microsoft Office for Microsoft Windows and Microsoft Office .
It was first used in the United States in the 1930s , and in the United States in the United States in the mid-19th century .
It was published in 1913 and is one of the tallest buildings in the world in the world .
Pohjola graduated from Berklee with honors in 1994 , when he was 20 years old , he became a naturalized citizen of the United States .
February 3 - Charles Hart , English soldier and explorer -LRB- born 1625 -RRB-
South Norwood is a town in the London Borough of Croydon , England . It is in the London Borough of Croydon , England .
South Tibet -LRB- Chinese : à à à à à à à à à à à à à à 3\/4 à à à à à à à à à à à à à à à à à à à à à à à à à à à à à à à à à à à à à à à à à à à à à à à à à à à à à à à à à à à à à à à à à à à à à à à à à à à à à à à à à à à à à à à à à à à à à à à à à à à à à à à à à à à à à à à à à à à à à à à à à à à à à à à à à à à à à à à à à à à à à à à à à à à à à à à à à à à à à à à à à à à à à à à à à à à à à à à à à à à à
3x All - NBA Second Team Selection -LRB- 1992 , 1993 - 1993 -RRB-
At the end of the match , Kane hit Big Show with Bobby Jon , Bobby Jon , Bobby Lashley , Randy Orton , and Bobby Jon .
My Fair Lady is an opera by Richard Wagner .
It was first mentioned in the Domesday Book of 1086 .
By 1910 , the spelling of this name was changed to Niles Center , and the name was changed to the National Gallery of East Anglia , and the name was changed to Hyde & Vredenburg .
South Mountain Community College is a city of Illinois in the United States .
The name '' Umbriel '' is derived from the Latin word for '' island '' . It was first used in the 17th century by the Etruscans '' , and was called '' The Norse word for '' fire '' in Latin '' .
She was the winner of the first season of the television show The Tracey Ullman Show in the Simpson Short '' Good Night '' .
It was the first time since the September 11 , 2008 edition of SmackDown vs. Raw , and has been broadcast on DVD and Blu - Ray .
They can be made of wood , plastic , and other materials .
He was the owner of the Oakland Athletics of the baseball team , and was the owner of the Oakland Athletics of the Major League Baseball -LRB- MLB -RRB- .
West Palm Springs is a city of Iowa in the United States .
It was written by Jay - Z , Terius Nash , and Christopher Stewart , and starred Matt LeBlanc as Joey Tribbiani , Joey Jordison , and Joey Jordison .
It was the capital of the Soviet Union .
Super Mario RPG : The Legend of Zelda : The Legend of Zelda : The Legend of Zelda : The Legend of Zelda : The Legend of Zelda : Phantom Hourglass for the Nintendo DS game .
It is caused by a virus -LRB- Cowpox virus -RRB- that is related to the Vaccinia virus .
When he was seven , his family moved to Somerset , Somerset , England , where he studied with Samuel Taylor .
A chemical compound is a piece of laboratory glassware used to produce mixtures of molecules called molecules -LRB- objects -RRB- .
Campo Blenio is a municipality of the district of Vallemaggia in the canton of Ticino in Switzerland in the canton of Ticino in Switzerland .
Her parents were Mary Wollstonecraft , a feminist , and her mother was Jewish and her father was Jewish , and her mother was Jewish .
He is known for his work in the photography of W. R. Bowles in Hopkinsville , where he wrote a book about how he was in a book called The Adventures of Ichabod and Mr. Toad .
In computer engineering , the term '' bandwidth '' is used to describe the amount of information that can be used to describe something else in the field of mathematics .
She studied at the Royal Swedish Academy of Music , and became a naturalized citizen of the United States in 1943 .
